# JRE version: OpenJDK Runtime Environment (8.0_152-b01) (build 1.8.0_152-release-884-b01)
# Java VM: OpenJDK 64-Bit Server VM (25.152-b01 mixed mode bsd-amd64 compressed oops)
Heap:
 PSYoungGen      total 197120K, used 14140K [0x00000007a0000000, 0x00000007add80000, 0x00000007c0000000)
  eden space 176640K, 2% used [0x00000007a0000000,0x00000007a04aefd0,0x00000007aac80000)
  from space 20480K, 45% used [0x00000007ac980000,0x00000007ad2a00d0,0x00000007add80000)
  to   space 25088K, 0% used [0x00000007aac80000,0x00000007aac80000,0x00000007ac500000)
 ParOldGen       total 95232K, used 65769K [0x0000000760000000, 0x0000000765d00000, 0x00000007a0000000)
  object space 95232K, 69% used [0x0000000760000000,0x000000076403a7e0,0x0000000765d00000)
 Metaspace       used 76716K, capacity 80326K, committed 80600K, reserved 1118208K
  class space    used 10008K, capacity 10882K, committed 11008K, reserved 1048576K
GC Heap History (10 events):
Event: 84.819 GC heap before
{Heap before GC invocations=25 (full 3):
 PSYoungGen      total 128000K, used 120668K [0x00000007a0000000, 0x00000007aaf80000, 0x00000007c0000000)
  eden space 107008K, 100% used [0x00000007a0000000,0x00000007a6880000,0x00000007a6880000)
  from space 20992K, 65% used [0x00000007a6880000,0x00000007a75d71d0,0x00000007a7d00000)
  to   space 22016K, 0% used [0x00000007a9a00000,0x00000007a9a00000,0x00000007aaf80000)
 ParOldGen       total 95232K, used 32767K [0x0000000760000000, 0x0000000765d00000, 0x00000007a0000000)
  object space 95232K, 34% used [0x0000000760000000,0x0000000761fffe80,0x0000000765d00000)
 Metaspace       used 63178K, capacity 65564K, committed 65624K, reserved 1105920K
  class space    used 8452K, capacity 9050K, committed 9088K, reserved 1048576K
Event: 84.880 GC heap after
Heap after GC invocations=25 (full 3):
 PSYoungGen      total 153600K, used 22010K [0x00000007a0000000, 0x00000007ab580000, 0x00000007c0000000)
  eden space 131584K, 0% used [0x00000007a0000000,0x00000007a0000000,0x00000007a8080000)
  from space 22016K, 99% used [0x00000007a9a00000,0x00000007aaf7e930,0x00000007aaf80000)
  to   space 26112K, 0% used [0x00000007a8080000,0x00000007a8080000,0x00000007a9a00000)
 ParOldGen       total 95232K, used 34950K [0x0000000760000000, 0x0000000765d00000, 0x00000007a0000000)
  object space 95232K, 36% used [0x0000000760000000,0x00000007622218f0,0x0000000765d00000)
 Metaspace       used 63178K, capacity 65564K, committed 65624K, reserved 1105920K
  class space    used 8452K, capacity 9050K, committed 9088K, reserved 1048576K
}
Event: 100.468 GC heap before
{Heap before GC invocations=26 (full 3):
 PSYoungGen      total 153600K, used 153594K [0x00000007a0000000, 0x00000007ab580000, 0x00000007c0000000)
  eden space 131584K, 100% used [0x00000007a0000000,0x00000007a8080000,0x00000007a8080000)
  from space 22016K, 99% used [0x00000007a9a00000,0x00000007aaf7e930,0x00000007aaf80000)
  to   space 26112K, 0% used [0x00000007a8080000,0x00000007a8080000,0x00000007a9a00000)
 ParOldGen       total 95232K, used 34950K [0x0000000760000000, 0x0000000765d00000, 0x00000007a0000000)
  object space 95232K, 36% used [0x0000000760000000,0x00000007622218f0,0x0000000765d00000)
 Metaspace       used 67834K, capacity 70814K, committed 71128K, reserved 1110016K
  class space    used 8880K, capacity 9646K, committed 9728K, reserved 1048576K
Event: 100.521 GC heap after
Heap after GC invocations=26 (full 3):
 PSYoungGen      total 157696K, used 15800K [0x00000007a0000000, 0x00000007ad180000, 0x00000007c0000000)
  eden space 131584K, 0% used [0x00000007a0000000,0x00000007a0000000,0x00000007a8080000)
  from space 26112K, 60% used [0x00000007a8080000,0x00000007a8fee290,0x00000007a9a00000)
  to   space 26624K, 0% used [0x00000007ab780000,0x00000007ab780000,0x00000007ad180000)
 ParOldGen       total 95232K, used 47935K [0x0000000760000000, 0x0000000765d00000, 0x00000007a0000000)
  object space 95232K, 50% used [0x0000000760000000,0x0000000762ecff98,0x0000000765d00000)
 Metaspace       used 67834K, capacity 70814K, committed 71128K, reserved 1110016K
  class space    used 8880K, capacity 9646K, committed 9728K, reserved 1048576K
}
Event: 116.985 GC heap before
{Heap before GC invocations=27 (full 3):
 PSYoungGen      total 157696K, used 147384K [0x00000007a0000000, 0x00000007ad180000, 0x00000007c0000000)
  eden space 131584K, 100% used [0x00000007a0000000,0x00000007a8080000,0x00000007a8080000)
  from space 26112K, 60% used [0x00000007a8080000,0x00000007a8fee290,0x00000007a9a00000)
  to   space 26624K, 0% used [0x00000007ab780000,0x00000007ab780000,0x00000007ad180000)
 ParOldGen       total 95232K, used 47935K [0x0000000760000000, 0x0000000765d00000, 0x00000007a0000000)
  object space 95232K, 50% used [0x0000000760000000,0x0000000762ecff98,0x0000000765d00000)
 Metaspace       used 70246K, capacity 73272K, committed 73432K, reserved 1112064K
  class space    used 9155K, capacity 9903K, committed 9984K, reserved 1048576K
Event: 117.044 GC heap after
Heap after GC invocations=27 (full 3):
 PSYoungGen      total 182784K, used 15114K [0x00000007a0000000, 0x00000007acf00000, 0x00000007c0000000)
  eden space 158720K, 0% used [0x00000007a0000000,0x00000007a0000000,0x00000007a9b00000)
  from space 24064K, 62% used [0x00000007ab780000,0x00000007ac6428c0,0x00000007acf00000)
  to   space 26624K, 0% used [0x00000007a9b00000,0x00000007a9b00000,0x00000007ab500000)
 ParOldGen       total 95232K, used 60421K [0x0000000760000000, 0x0000000765d00000, 0x00000007a0000000)
  object space 95232K, 63% used [0x0000000760000000,0x0000000763b016c0,0x0000000765d00000)
 Metaspace       used 70246K, capacity 73272K, committed 73432K, reserved 1112064K
  class space    used 9155K, capacity 9903K, committed 9984K, reserved 1048576K
}
Event: 203.070 GC heap before
{Heap before GC invocations=28 (full 3):
 PSYoungGen      total 182784K, used 173834K [0x00000007a0000000, 0x00000007acf00000, 0x00000007c0000000)
  eden space 158720K, 100% used [0x00000007a0000000,0x00000007a9b00000,0x00000007a9b00000)
  from space 24064K, 62% used [0x00000007ab780000,0x00000007ac6428c0,0x00000007acf00000)
  to   space 26624K, 0% used [0x00000007a9b00000,0x00000007a9b00000,0x00000007ab500000)
 ParOldGen       total 95232K, used 60421K [0x0000000760000000, 0x0000000765d00000, 0x00000007a0000000)
  object space 95232K, 63% used [0x0000000760000000,0x0000000763b016c0,0x0000000765d00000)
 Metaspace       used 74141K, capacity 77324K, committed 77528K, reserved 1116160K
  class space    used 9660K, capacity 10433K, committed 10496K, reserved 1048576K
Event: 203.109 GC heap after
Heap after GC invocations=28 (full 3):
 PSYoungGen      total 185344K, used 5055K [0x00000007a0000000, 0x00000007ae300000, 0x00000007c0000000)
  eden space 158720K, 0% used [0x00000007a0000000,0x00000007a0000000,0x00000007a9b00000)
  from space 26624K, 18% used [0x00000007a9b00000,0x00000007a9feff28,0x00000007ab500000)
  to   space 26112K, 0% used [0x00000007ac980000,0x00000007ac980000,0x00000007ae300000)
 ParOldGen       total 95232K, used 65761K [0x0000000760000000, 0x0000000765d00000, 0x00000007a0000000)
  object space 95232K, 69% used [0x0000000760000000,0x00000007640387e0,0x0000000765d00000)
 Metaspace       used 74141K, capacity 77324K, committed 77528K, reserved 1116160K
  class space    used 9660K, capacity 10433K, committed 10496K, reserved 1048576K
}
Event: 369.056 GC heap before
{Heap before GC invocations=29 (full 3):
 PSYoungGen      total 185344K, used 163775K [0x00000007a0000000, 0x00000007ae300000, 0x00000007c0000000)
  eden space 158720K, 100% used [0x00000007a0000000,0x00000007a9b00000,0x00000007a9b00000)
  from space 26624K, 18% used [0x00000007a9b00000,0x00000007a9feff28,0x00000007ab500000)
  to   space 26112K, 0% used [0x00000007ac980000,0x00000007ac980000,0x00000007ae300000)
 ParOldGen       total 95232K, used 65761K [0x0000000760000000, 0x0000000765d00000, 0x00000007a0000000)
  object space 95232K, 69% used [0x0000000760000000,0x00000007640387e0,0x0000000765d00000)
 Metaspace       used 76285K, capacity 79938K, committed 80216K, reserved 1118208K
  class space    used 9927K, capacity 10778K, committed 10880K, reserved 1048576K
Event: 369.089 GC heap after
Heap after GC invocations=29 (full 3):
 PSYoungGen      total 197120K, used 9344K [0x00000007a0000000, 0x00000007add80000, 0x00000007c0000000)
  eden space 176640K, 0% used [0x00000007a0000000,0x00000007a0000000,0x00000007aac80000)
  from space 20480K, 45% used [0x00000007ac980000,0x00000007ad2a00d0,0x00000007add80000)
  to   space 25088K, 0% used [0x00000007aac80000,0x00000007aac80000,0x00000007ac500000)
 ParOldGen       total 95232K, used 65769K [0x0000000760000000, 0x0000000765d00000, 0x00000007a0000000)
  object space 95232K, 69% used [0x0000000760000000,0x000000076403a7e0,0x0000000765d00000)
 Metaspace       used 76285K, capacity 79938K, committed 80216K, reserved 1118208K
  class space    used 9927K, capacity 10778K, committed 10880K, reserved 1048576K
}

